<?xml version="1.0" encoding="UTF-8"?>
<!-- Generated by org.testng.reporters.JUnitReportReporter -->
<testsuite hostname="DESKTOP-67DDO2I" failures="0" tests="2" name="com.nopcommerce.Testscripts.DashbordPageTest2" time="9.148" errors="0" timestamp="2022-12-29T10:51:37 IST" skipped="0">
  <testcase classname="com.nopcommerce.Testscripts.DashbordPageTest2" name="verifyLoginBtnFunctionalityByUsingValidData" time="8.334"/>
  <system-out>
    <![CDATA[login execution started
login Btn clicked]]>
  </system-out>
  <testcase classname="com.nopcommerce.Testscripts.DashbordPageTest2" name="VerifysearchBoxWithValidData" time="0.814"/>
  <system-out/>
</testsuite> <!-- com.nopcommerce.Testscripts.DashbordPageTest2 -->
