<?xml version="1.0" encoding="UTF-8"?>
<!-- Generated by org.testng.reporters.JUnitReportReporter -->
<testsuite hostname="DESKTOP-67DDO2I" failures="0" tests="2" name="com.nopcommerce.Testscripts.DashbordPageTest3" time="4.070" errors="0" timestamp="2022-11-23T09:36:08 GMT-08:00" skipped="0">
  <testcase classname="com.nopcommerce.Testscripts.DashbordPageTest3" name="verifyLoginBtnFunctionalityByUsingValidData" time="3.660"/>
  <system-out>
    <![CDATA[login execution started
login Btn clicked]]>
  </system-out>
  <testcase classname="com.nopcommerce.Testscripts.DashbordPageTest3" name="VerifysearchBoxWithInValidData" time="0.410"/>
  <system-out/>
</testsuite> <!-- com.nopcommerce.Testscripts.DashbordPageTest3 -->
